<?xml version="1.0" encoding="UTF-8"?>
<!-- Generated by org.testng.reporters.JUnitXMLReporter -->
<testsuite hostname="LAPTOP-18R30RO2" name="Default test" tests="4" failures="0" timestamp="19 Dec 2023 07:23:39 GMT" time="34.047" errors="0">
  <testcase name="login" time="1.819" classname="testNGp.GuruLoginWithDataProvider"/>
  <testcase name="login" time="0.842" classname="testNGp.GuruLoginWithDataProvider"/>
  <testcase name="login" time="0.707" classname="testNGp.GuruLoginWithDataProvider"/>
  <testcase name="login" time="0.782" classname="testNGp.GuruLoginWithDataProvider"/>
</testsuite> <!-- Default test -->
