<?xml version="1.0" encoding="UTF-8"?>
<!-- Generated by org.testng.reporters.JUnitXMLReporter -->
<testsuite hostname="LAPTOP-18R30RO2" name="Smoke Testing" tests="11" failures="0" timestamp="19 Dec 2023 05:53:27 GMT" time="108.006" errors="0">
  <testcase name="addCustomer" time="5.016" classname="testNGp.TestNgParameters"/>
  <testcase name="deleteCustomer" time="3.257" classname="testNGp.TestNgParameters"/>
  <testcase name="editCustomer" time="1.281" classname="testNGp.TestNgParameters"/>
  <testcase name="login" time="1.68" classname="testNGp.GuruLoginWithDataProvider"/>
  <testcase name="login" time="0.729" classname="testNGp.GuruLoginWithDataProvider"/>
  <testcase name="login" time="0.755" classname="testNGp.GuruLoginWithDataProvider"/>
  <testcase name="login" time="0.755" classname="testNGp.GuruLoginWithDataProvider"/>
  <testcase name="loginTestCaseValid" time="2.28" classname="testNGp.LoginFE"/>
  <testcase name="loginTestCaseInvalid1" time="0.77" classname="testNGp.LoginFE"/>
  <testcase name="loginTestCaseInvalid2" time="0.799" classname="testNGp.LoginFE"/>
  <testcase name="loginTestCaseInvalid3" time="0.768" classname="testNGp.LoginFE"/>
</testsuite> <!-- Smoke Testing -->
